14:50:47 **** Incremental Build of configuration Release for project 0001_WireTreeLed ****
make all 
'Building file: ../main.c'
'Invoking: AVR Compiler'
avr-gcc -Wall -Os -fpack-struct -fshort-enums -ffunction-sections -fdata-sections -std=gnu99 -funsigned-char -funsigned-bitfields -mmcu=atmega16 -DF_CPU=12000000UL -MMD -MP -MF"main.d" -MT"main.o" -c -o "main.o" "../main.c"
In file included from ../main.c:8:0:
c:\program files (x86)\atmel\avr tools\avr toolchain\avr\include\avr\delay.h:36:2: warning: #warning "This file has been moved to <util/delay.h>." [-Wcpp]
 #warning "This file has been moved to <util/delay.h>."
  ^
../main.c: In function 'main':
../main.c:30:7: warning: unused variable 'RandNumber1' [-Wunused-variable]
   int RandNumber1=random2(0,5);
       ^
'Finished building: ../main.c'
' '
'Building target: 0001_WireTreeLed.elf'
'Invoking: AVR C Linker'
avr-gcc -Wl,-Map,0001_WireTreeLed.map -mmcu=atmega16 -o "0001_WireTreeLed.elf"  ./main.o   
'Finished building target: 0001_WireTreeLed.elf'
' '
'Invoking: AVR Create Extended Listing'
avr-objdump -h -S 0001_WireTreeLed.elf  >"0001_WireTreeLed.lss"
'Finished building: 0001_WireTreeLed.lss'
' '
'Create Flash image (ihex format)'
avr-objcopy -R .eeprom -R .fuse -R .lock -R .signature -O ihex 0001_WireTreeLed.elf  "0001_WireTreeLed.hex"
'Finished building: 0001_WireTreeLed.hex'
' '
'Create eeprom image (ihex format)'
avr-objcopy -j .eeprom --no-change-warnings --change-section-lma .eeprom=0 -O ihex 0001_WireTreeLed.elf  "0001_WireTreeLed.eep"
'Finished building: 0001_WireTreeLed.eep'
' '
'Invoking: Print Size'
avr-size --format=avr --mcu=atmega16 0001_WireTreeLed.elf
AVR Memory Usage
----------------
Device: atmega16

Program:    1396 bytes (8.5% Full)
(.text + .data + .bootloader)

Data:          4 bytes (0.4% Full)
(.data + .bss + .noinit)


'Finished building: sizedummy'
' '

14:50:48 Build Finished (took 734ms)

